<?xml version="1.0" encoding="UTF-8"?>
<!-- Generated by org.testng.reporters.JUnitReportReporter -->
<testsuite hostname="LAPTOP-5FK7OLB2" failures="0" tests="2" name="com.Trobin.Trobin.Grid" time="25.795" errors="0" timestamp="2022-11-24T22:46:44 IST" skipped="0">
  <testcase classname="com.Trobin.Trobin.Grid" name="launch_browser" time="12.039"/>
  <system-out/>
  <testcase classname="com.Trobin.Trobin.Grid" name="launch_browser" time="13.756"/>
  <system-out/>
</testsuite> <!-- com.Trobin.Trobin.Grid -->
