<?xml version="1.0" encoding="UTF-8"?>
<!-- Generated by org.testng.reporters.JUnitReportReporter -->
<testsuite hostname="LAPTOP-5FK7OLB2" failures="0" tests="1" name="com.Trobin.Trobin.Login_to_App" time="2.937" errors="0" timestamp="2022-11-23T12:57:36 IST" skipped="0">
  <testcase classname="com.Trobin.Trobin.Login_to_App" name="verify_Login" time="2.937"/>
  <system-out/>
</testsuite> <!-- com.Trobin.Trobin.Login_to_App -->
