<?xml version="1.0" encoding="UTF-8"?>
<!-- Generated by org.testng.reporters.JUnitReportReporter -->
<testsuite hostname="LAPTOP-5FK7OLB2" failures="0" tests="1" name="com.Trobin.Trobin.OpenBrowser" time="7.054" errors="0" timestamp="2022-11-21T15:27:46 IST" skipped="0">
  <testcase classname="com.Trobin.Trobin.OpenBrowser" name="open" time="7.054"/>
  <system-out/>
</testsuite> <!-- com.Trobin.Trobin.OpenBrowser -->
